                                                          Cloudy 23.00
                                                         www.nublado.org

                                                  PRNG seed: 0xfce4ec0e41e95e82

                       **************************************23Jul25**************************************
                       *                                                                                 *
                       * title abell57CEK                                                                *
                       * sphere                                                                          *
                       * table star rauch H-Ni solar 4.95424 LOG                                         *
                       * #<<   H-Ni Rauch model   16 read.      Teff =   80000.00 log(g) =  8.00000  >>> *
                       * #<<   H-Ni Rauch model   20 read.      Teff =   90000.00 log(g) =  8.00000  >>> *
                       * #<< FINAL:    Teff =   89999.48   log(g) =  8.00000                         >>> *
                       * luminosity solar =     4.0000                                                   *
                       * HDEN=7.010000 LOG vary                                                          *
                       * radius = 16                                                                     *
                       * abundances GASS                                                                 *
                       * #element scale factor neon 2                                                    *
                       * metal     1.0000                                                                *
                       * iterate                                                                         *
                       * optimize lines                                                                  *
                       * save last lines, zone cumulative, file="abell57_2.emission"                     *
                       *                                                                                 *
                       ***********************************************************************************



                                                      Optimization  Driver
                                                          Cloudy 23.00

                       **************************************23Jul25**************************************
                       *                                                                                 *
                       * title abell57CEK                                                                *
                       * sphere                                                                          *
                       * table star rauch H-Ni solar 4.95424 LOG                                         *
                       * luminosity solar =     4.0000                                                   *
               VARY>>> * HDEN=7.010000 LOG vary                                                          *
                       * radius = 16                                                                     *
                       * abundances GASS                                                                 *
                       * #element scale factor neon 2                                                    *
                       * metal     1.0000                                                                *
                       * iterate                                                                         *
                       * optimize lines                                                                  *
                       * "Ne 3" 3868.76 intensity = 2.768                                                *
                       * end of lines                                                                    *
                       * save last lines, zone cumulative, file="abell57_2.emission"                     *
                       * "Ne 3" 3868.76                                                                  *
                       * "H  1" 3889.02A                                                                 *
                       * "Ne 3" 3967.47A                                                                 *
                       * "H  1" 3970.08A                                                                 *
                       * "h  1" 4101.73A                                                                 *
                       * "h  1" 4340.46A                                                                 *
                       * "O  3" 4363.21                                                                  *
                       * "H  1" 4861.32A                                                                 *
                       * "O  3" 4960.91                                                                  *
                       * "O  3" 5006.84                                                                  *
                       * Blnd 5875.66A                                                                   *
                       * "O  1" 6300.30A                                                                 *
                       * "H  1" 6562.80A                                                                 *
                       * "N  2" 6583.45A                                                                 *
                       * "He 1" 6678.15A                                                                 *
                       * "O  2"  3728.81                                                                 *
                       * end of lines                                                                    *
                       *                                                                                 *
                       ***********************************************************************************


 Up to 400 iterations will be performed,
 and the final version of the input file will be written to the file optimal.in
 The Phymir method will be used in parallel mode.
 The maximum no. of CPU's to be used is 8.

   1 parameter(s) will be varied.  The first lines, and the increments are:

 HDEN=7.010000 LOG
 Initial increment is 1, the limits are -3.4e+38 to 3.4e+38
